# JRE version: Java(TM) SE Runtime Environment (21.0.1+12) (build 21.0.1+12-LTS-29)
# Java VM: Java HotSpot(TM) 64-Bit Server VM (21.0.1+12-LTS-29, mixed mode, sharing, tiered, compressed oops, compressed class ptrs, g1 gc, windows-amd64)
GC Precious Log:
 CardTable entry size: 512
 Card Set container configuration: InlinePtr #cards 4 size 8 Array Of Cards #cards 16 size 48 Howl #buckets 8 coarsen threshold 3686 Howl Bitmap #cards 512 size 80 coarsen threshold 460 Card regions per heap region 1 cards per card region 4096
 CPUs: 12 total, 12 available
 Memory: 16016M
 Large Page Support: Disabled
 NUMA Support: Disabled
 Compressed Oops: Enabled (Zero based)
 Heap Region Size: 2M
 Heap Min Capacity: 8M
 Heap Initial Capacity: 252M
 Heap Max Capacity: 4006M
 Pre-touch: Disabled
 Parallel Workers: 10
 Concurrent Workers: 3
 Concurrent Refinement Workers: 10
 Periodic GC: Disabled
Heap:
 garbage-first heap   total 405504K, used 146641K [0x0000000705a00000, 0x0000000800000000)
  region size 2048K, 3 young (6144K), 3 survivors (6144K)
 Metaspace       used 60519K, committed 60928K, reserved 1114112K
  class space    used 7535K, committed 7744K, reserved 1048576K
GC Heap History (20 events):
Event: 1935.911 GC heap after
{Heap after GC invocations=12 (full 0):
 garbage-first heap   total 221184K, used 51636K [0x0000000705a00000, 0x0000000800000000)
  region size 2048K, 3 young (6144K), 3 survivors (6144K)
 Metaspace       used 22346K, committed 22720K, reserved 1114112K
  class space    used 2443K, committed 2624K, reserved 1048576K
}
Event: 1936.047 GC heap before
{Heap before GC invocations=12 (full 0):
 garbage-first heap   total 221184K, used 174516K [0x0000000705a00000, 0x0000000800000000)
  region size 2048K, 64 young (131072K), 3 survivors (6144K)
 Metaspace       used 22381K, committed 22720K, reserved 1114112K
  class space    used 2444K, committed 2624K, reserved 1048576K
}
Event: 1936.055 GC heap after
{Heap after GC invocations=13 (full 0):
 garbage-first heap   total 221184K, used 62135K [0x0000000705a00000, 0x0000000800000000)
  region size 2048K, 8 young (16384K), 8 survivors (16384K)
 Metaspace       used 22381K, committed 22720K, reserved 1114112K
  class space    used 2444K, committed 2624K, reserved 1048576K
}
Event: 1936.183 GC heap before
{Heap before GC invocations=13 (full 0):
 garbage-first heap   total 221184K, used 174775K [0x0000000705a00000, 0x0000000800000000)
  region size 2048K, 64 young (131072K), 8 survivors (16384K)
 Metaspace       used 22397K, committed 22720K, reserved 1114112K
  class space    used 2444K, committed 2624K, reserved 1048576K
}
Event: 1936.193 GC heap after
{Heap after GC invocations=14 (full 0):
 garbage-first heap   total 221184K, used 75481K [0x0000000705a00000, 0x0000000800000000)
  region size 2048K, 5 young (10240K), 5 survivors (10240K)
 Metaspace       used 22397K, committed 22720K, reserved 1114112K
  class space    used 2444K, committed 2624K, reserved 1048576K
}
Event: 1936.350 GC heap before
{Heap before GC invocations=14 (full 0):
 garbage-first heap   total 221184K, used 190169K [0x0000000705a00000, 0x0000000800000000)
  region size 2048K, 61 young (124928K), 5 survivors (10240K)
 Metaspace       used 22408K, committed 22720K, reserved 1114112K
  class space    used 2445K, committed 2624K, reserved 1048576K
}
Event: 1936.361 GC heap after
{Heap after GC invocations=15 (full 0):
 garbage-first heap   total 221184K, used 89055K [0x0000000705a00000, 0x0000000800000000)
  region size 2048K, 6 young (12288K), 6 survivors (12288K)
 Metaspace       used 22408K, committed 22720K, reserved 1114112K
  class space    used 2445K, committed 2624K, reserved 1048576K
}
Event: 1936.480 GC heap before
{Heap before GC invocations=15 (full 0):
 garbage-first heap   total 221184K, used 191455K [0x0000000705a00000, 0x0000000800000000)
  region size 2048K, 57 young (116736K), 6 survivors (12288K)
 Metaspace       used 22412K, committed 22784K, reserved 1114112K
  class space    used 2445K, committed 2624K, reserved 1048576K
}
Event: 1936.492 GC heap after
{Heap after GC invocations=16 (full 0):
 garbage-first heap   total 405504K, used 102118K [0x0000000705a00000, 0x0000000800000000)
  region size 2048K, 7 young (14336K), 7 survivors (14336K)
 Metaspace       used 22412K, committed 22784K, reserved 1114112K
  class space    used 2445K, committed 2624K, reserved 1048576K
}
Event: 1936.766 GC heap before
{Heap before GC invocations=16 (full 0):
 garbage-first heap   total 405504K, used 327398K [0x0000000705a00000, 0x0000000800000000)
  region size 2048K, 118 young (241664K), 7 survivors (14336K)
 Metaspace       used 22418K, committed 22784K, reserved 1114112K
  class space    used 2445K, committed 2624K, reserved 1048576K
}
Event: 1936.782 GC heap after
{Heap after GC invocations=17 (full 0):
 garbage-first heap   total 405504K, used 121440K [0x0000000705a00000, 0x0000000800000000)
  region size 2048K, 15 young (30720K), 15 survivors (30720K)
 Metaspace       used 22418K, committed 22784K, reserved 1114112K
  class space    used 2445K, committed 2624K, reserved 1048576K
}
Event: 1937.001 GC heap before
{Heap before GC invocations=17 (full 0):
 garbage-first heap   total 405504K, used 334432K [0x0000000705a00000, 0x0000000800000000)
  region size 2048K, 118 young (241664K), 15 survivors (30720K)
 Metaspace       used 22418K, committed 22784K, reserved 1114112K
  class space    used 2445K, committed 2624K, reserved 1048576K
}
Event: 1937.021 GC heap after
{Heap after GC invocations=18 (full 0):
 garbage-first heap   total 405504K, used 147343K [0x0000000705a00000, 0x0000000800000000)
  region size 2048K, 11 young (22528K), 11 survivors (22528K)
 Metaspace       used 22418K, committed 22784K, reserved 1114112K
  class space    used 2445K, committed 2624K, reserved 1048576K
}
Event: 9473.343 GC heap before
{Heap before GC invocations=18 (full 0):
 garbage-first heap   total 405504K, used 296847K [0x0000000705a00000, 0x0000000800000000)
  region size 2048K, 86 young (176128K), 11 survivors (22528K)
 Metaspace       used 35620K, committed 35968K, reserved 1114112K
  class space    used 3912K, committed 4096K, reserved 1048576K
}
Event: 9473.401 GC heap after
{Heap after GC invocations=19 (full 0):
 garbage-first heap   total 405504K, used 167811K [0x0000000705a00000, 0x0000000800000000)
  region size 2048K, 14 young (28672K), 14 survivors (28672K)
 Metaspace       used 35620K, committed 35968K, reserved 1114112K
  class space    used 3912K, committed 4096K, reserved 1048576K
}
Event: 9478.463 GC heap before
{Heap before GC invocations=20 (full 0):
 garbage-first heap   total 405504K, used 247683K [0x0000000705a00000, 0x0000000800000000)
  region size 2048K, 56 young (114688K), 14 survivors (28672K)
 Metaspace       used 59878K, committed 60288K, reserved 1114112K
  class space    used 7342K, committed 7552K, reserved 1048576K
}
Event: 9478.487 GC heap after
{Heap after GC invocations=21 (full 0):
 garbage-first heap   total 405504K, used 170623K [0x0000000705a00000, 0x0000000800000000)
  region size 2048K, 4 young (8192K), 4 survivors (8192K)
 Metaspace       used 59878K, committed 60288K, reserved 1114112K
  class space    used 7342K, committed 7552K, reserved 1048576K
}
Event: 9478.512 GC heap before
{Heap before GC invocations=21 (full 0):
 garbage-first heap   total 405504K, used 170623K [0x0000000705a00000, 0x0000000800000000)
  region size 2048K, 5 young (10240K), 4 survivors (8192K)
 Metaspace       used 60248K, committed 60608K, reserved 1114112K
  class space    used 7456K, committed 7616K, reserved 1048576K
}
Event: 9478.527 GC heap after
{Heap after GC invocations=22 (full 0):
 garbage-first heap   total 405504K, used 147387K [0x0000000705a00000, 0x0000000800000000)
  region size 2048K, 3 young (6144K), 3 survivors (6144K)
 Metaspace       used 60248K, committed 60608K, reserved 1114112K
  class space    used 7456K, committed 7616K, reserved 1048576K
}
Event: 9478.548 GC heap before
{Heap before GC invocations=22 (full 0):
 garbage-first heap   total 405504K, used 147387K [0x0000000705a00000, 0x0000000800000000)
  region size 2048K, 4 young (8192K), 3 survivors (6144K)
 Metaspace       used 60519K, committed 60928K, reserved 1114112K
  class space    used 7535K, committed 7744K, reserved 1048576K
}

